<?xml version="1.0" encoding="UTF-8"?>
<!-- Generated by org.testng.reporters.JUnitReportReporter -->
<testsuite hostname="Madhus-MacBook-Air.local" failures="0" tests="3" name="com.salesforce.testcases.SFDCLogin" time="5.835" errors="0" timestamp="2024-12-12T23:31:45 GMT-06:00" skipped="0">
  <testcase classname="com.salesforce.testcases.SFDCLogin" name="PasswordFeildEmptyTest" time="1.514"/>
  <system-out/>
  <testcase classname="com.salesforce.testcases.SFDCLogin" name="CheckforIncorrectCrdentials" time="1.434"/>
  <system-out/>
  <testcase classname="com.salesforce.testcases.SFDCLogin" name="ValidLoginTest" time="2.887"/>
  <system-out/>
</testsuite> <!-- com.salesforce.testcases.SFDCLogin -->
